# JRE version: Java(TM) SE Runtime Environment (8.0_111-b14) (build 1.8.0_111-b14)
# Java VM: Java HotSpot(TM) 64-Bit Server VM (25.111-b14 mixed mode linux-amd64 compressed oops)
Heap:
 PSYoungGen      total 448000K, used 70443K [0x00000000d7000000, 0x0000000100000000, 0x0000000100000000)
  eden space 224256K, 0% used [0x00000000d7000000,0x00000000d7000000,0x00000000e4b00000)
  from space 223744K, 31% used [0x00000000e4b00000,0x00000000e8fcaf00,0x00000000f2580000)
  to   space 223744K, 0% used [0x00000000f2580000,0x00000000f2580000,0x0000000100000000)
 ParOldGen       total 471552K, used 471189K [0x0000000085000000, 0x00000000a1c80000, 0x00000000d7000000)
  object space 471552K, 99% used [0x0000000085000000,0x00000000a1c255a0,0x00000000a1c80000)
 Metaspace       used 19768K, capacity 20952K, committed 21120K, reserved 1067008K
  class space    used 2632K, capacity 2877K, committed 2944K, reserved 1048576K
GC Heap History (10 events):
Event: 15,320 GC heap after
Heap after GC invocations=14 (full 2):
 PSYoungGen      total 482816K, used 120745K [0x00000000d7000000, 0x0000000100000000, 0x0000000100000000)
  eden space 315392K, 0% used [0x00000000d7000000,0x00000000d7000000,0x00000000ea400000)
  from space 167424K, 72% used [0x00000000f5c80000,0x00000000fd26a548,0x0000000100000000)
  to   space 178176K, 0% used [0x00000000ea400000,0x00000000ea400000,0x00000000f5200000)
 ParOldGen       total 313856K, used 311212K [0x0000000085000000, 0x0000000098280000, 0x00000000d7000000)
  object space 313856K, 99% used [0x0000000085000000,0x0000000097feb2e0,0x0000000098280000)
 Metaspace       used 19708K, capacity 20888K, committed 21120K, reserved 1067008K
  class space    used 2632K, capacity 2877K, committed 2944K, reserved 1048576K
}
Event: 15,320 GC heap before
{Heap before GC invocations=15 (full 3):
 PSYoungGen      total 482816K, used 120745K [0x00000000d7000000, 0x0000000100000000, 0x0000000100000000)
  eden space 315392K, 0% used [0x00000000d7000000,0x00000000d7000000,0x00000000ea400000)
  from space 167424K, 72% used [0x00000000f5c80000,0x00000000fd26a548,0x0000000100000000)
  to   space 178176K, 0% used [0x00000000ea400000,0x00000000ea400000,0x00000000f5200000)
 ParOldGen       total 313856K, used 311212K [0x0000000085000000, 0x0000000098280000, 0x00000000d7000000)
  object space 313856K, 99% used [0x0000000085000000,0x0000000097feb2e0,0x0000000098280000)
 Metaspace       used 19708K, capacity 20888K, committed 21120K, reserved 1067008K
  class space    used 2632K, capacity 2877K, committed 2944K, reserved 1048576K
Event: 16,640 GC heap after
Heap after GC invocations=15 (full 3):
 PSYoungGen      total 482816K, used 120132K [0x00000000d7000000, 0x0000000100000000, 0x0000000100000000)
  eden space 315392K, 0% used [0x00000000d7000000,0x00000000d7000000,0x00000000ea400000)
  from space 167424K, 71% used [0x00000000f5c80000,0x00000000fd1d1170,0x0000000100000000)
  to   space 178176K, 0% used [0x00000000ea400000,0x00000000ea400000,0x00000000f5200000)
 ParOldGen       total 471552K, used 305407K [0x0000000085000000, 0x00000000a1c80000, 0x00000000d7000000)
  object space 471552K, 64% used [0x0000000085000000,0x0000000097a3feb8,0x00000000a1c80000)
 Metaspace       used 19708K, capacity 20888K, committed 21120K, reserved 1067008K
  class space    used 2632K, capacity 2877K, committed 2944K, reserved 1048576K
}
Event: 18,208 GC heap before
{Heap before GC invocations=16 (full 3):
 PSYoungGen      total 482816K, used 435524K [0x00000000d7000000, 0x0000000100000000, 0x0000000100000000)
  eden space 315392K, 100% used [0x00000000d7000000,0x00000000ea400000,0x00000000ea400000)
  from space 167424K, 71% used [0x00000000f5c80000,0x00000000fd1d1170,0x0000000100000000)
  to   space 178176K, 0% used [0x00000000ea400000,0x00000000ea400000,0x00000000f5200000)
 ParOldGen       total 471552K, used 305410K [0x0000000085000000, 0x00000000a1c80000, 0x00000000d7000000)
  object space 471552K, 64% used [0x0000000085000000,0x0000000097a40a20,0x00000000a1c80000)
 Metaspace       used 19755K, capacity 20888K, committed 21120K, reserved 1067008K
  class space    used 2632K, capacity 2877K, committed 2944K, reserved 1048576K
Event: 18,316 GC heap after
Heap after GC invocations=16 (full 3):
 PSYoungGen      total 482304K, used 166648K [0x00000000d7000000, 0x0000000100000000, 0x0000000100000000)
  eden space 315392K, 0% used [0x00000000d7000000,0x00000000d7000000,0x00000000ea400000)
  from space 166912K, 99% used [0x00000000ea400000,0x00000000f46be200,0x00000000f4700000)
  to   space 189440K, 0% used [0x00000000f4700000,0x00000000f4700000,0x0000000100000000)
 ParOldGen       total 471552K, used 305410K [0x0000000085000000, 0x00000000a1c80000, 0x00000000d7000000)
  object space 471552K, 64% used [0x0000000085000000,0x0000000097a40a20,0x00000000a1c80000)
 Metaspace       used 19755K, capacity 20888K, committed 21120K, reserved 1067008K
  class space    used 2632K, capacity 2877K, committed 2944K, reserved 1048576K
}
Event: 19,533 GC heap before
{Heap before GC invocations=17 (full 3):
 PSYoungGen      total 482304K, used 482040K [0x00000000d7000000, 0x0000000100000000, 0x0000000100000000)
  eden space 315392K, 100% used [0x00000000d7000000,0x00000000ea400000,0x00000000ea400000)
  from space 166912K, 99% used [0x00000000ea400000,0x00000000f46be200,0x00000000f4700000)
  to   space 189440K, 0% used [0x00000000f4700000,0x00000000f4700000,0x0000000100000000)
 ParOldGen       total 471552K, used 305410K [0x0000000085000000, 0x00000000a1c80000, 0x00000000d7000000)
  object space 471552K, 64% used [0x0000000085000000,0x0000000097a40a38,0x00000000a1c80000)
 Metaspace       used 19757K, capacity 20888K, committed 21120K, reserved 1067008K
  class space    used 2632K, capacity 2877K, committed 2944K, reserved 1048576K
Event: 19,647 GC heap after
Heap after GC invocations=17 (full 3):
 PSYoungGen      total 413696K, used 189432K [0x00000000d7000000, 0x0000000100000000, 0x0000000100000000)
  eden space 224256K, 0% used [0x00000000d7000000,0x00000000d7000000,0x00000000e4b00000)
  from space 189440K, 99% used [0x00000000f4700000,0x00000000ffffe200,0x0000000100000000)
  to   space 223744K, 0% used [0x00000000e4b00000,0x00000000e4b00000,0x00000000f2580000)
 ParOldGen       total 471552K, used 322002K [0x0000000085000000, 0x00000000a1c80000, 0x00000000d7000000)
  object space 471552K, 68% used [0x0000000085000000,0x0000000098a74a38,0x00000000a1c80000)
 Metaspace       used 19757K, capacity 20888K, committed 21120K, reserved 1067008K
  class space    used 2632K, capacity 2877K, committed 2944K, reserved 1048576K
}
Event: 20,326 GC heap before
{Heap before GC invocations=18 (full 3):
 PSYoungGen      total 413696K, used 413688K [0x00000000d7000000, 0x0000000100000000, 0x0000000100000000)
  eden space 224256K, 100% used [0x00000000d7000000,0x00000000e4b00000,0x00000000e4b00000)
  from space 189440K, 99% used [0x00000000f4700000,0x00000000ffffe200,0x0000000100000000)
  to   space 223744K, 0% used [0x00000000e4b00000,0x00000000e4b00000,0x00000000f2580000)
 ParOldGen       total 471552K, used 322004K [0x0000000085000000, 0x00000000a1c80000, 0x00000000d7000000)
  object space 471552K, 68% used [0x0000000085000000,0x0000000098a75230,0x00000000a1c80000)
 Metaspace       used 19768K, capacity 20952K, committed 21120K, reserved 1067008K
  class space    used 2632K, capacity 2877K, committed 2944K, reserved 1048576K
Event: 20,492 GC heap after
Heap after GC invocations=18 (full 3):
 PSYoungGen      total 448000K, used 116928K [0x00000000d7000000, 0x0000000100000000, 0x0000000100000000)
  eden space 224256K, 0% used [0x00000000d7000000,0x00000000d7000000,0x00000000e4b00000)
  from space 223744K, 52% used [0x00000000e4b00000,0x00000000ebd30000,0x00000000f2580000)
  to   space 223744K, 0% used [0x00000000f2580000,0x00000000f2580000,0x0000000100000000)
 ParOldGen       total 471552K, used 425773K [0x0000000085000000, 0x00000000a1c80000, 0x00000000d7000000)
  object space 471552K, 90% used [0x0000000085000000,0x000000009efcb430,0x00000000a1c80000)
 Metaspace       used 19768K, capacity 20952K, committed 21120K, reserved 1067008K
  class space    used 2632K, capacity 2877K, committed 2944K, reserved 1048576K
}
Event: 20,492 GC heap before
{Heap before GC invocations=19 (full 4):
 PSYoungGen      total 448000K, used 116928K [0x00000000d7000000, 0x0000000100000000, 0x0000000100000000)
  eden space 224256K, 0% used [0x00000000d7000000,0x00000000d7000000,0x00000000e4b00000)
  from space 223744K, 52% used [0x00000000e4b00000,0x00000000ebd30000,0x00000000f2580000)
  to   space 223744K, 0% used [0x00000000f2580000,0x00000000f2580000,0x0000000100000000)
 ParOldGen       total 471552K, used 425773K [0x0000000085000000, 0x00000000a1c80000, 0x00000000d7000000)
  object space 471552K, 90% used [0x0000000085000000,0x000000009efcb430,0x00000000a1c80000)
 Metaspace       used 19768K, capacity 20952K, committed 21120K, reserved 1067008K
  class space    used 2632K, capacity 2877K, committed 2944K, reserved 1048576K

